# JRE version: OpenJDK Runtime Environment (8.0_152-b01) (build 1.8.0_152-release-915-b01)
# Java VM: OpenJDK 64-Bit Server VM (25.152-b01 mixed mode windows-amd64 compressed oops)
Heap:
 PSYoungGen      total 76288K, used 15390K [0x00000000eab00000, 0x00000000f0000000, 0x0000000100000000)
  eden space 65536K, 23% used [0x00000000eab00000,0x00000000eba07ae0,0x00000000eeb00000)
  from space 10752K, 0% used [0x00000000eeb00000,0x00000000eeb00000,0x00000000ef580000)
  to   space 10752K, 0% used [0x00000000ef580000,0x00000000ef580000,0x00000000f0000000)
 ParOldGen       total 74240K, used 7062K [0x00000000c0000000, 0x00000000c4880000, 0x00000000eab00000)
  object space 74240K, 9% used [0x00000000c0000000,0x00000000c06e5bf8,0x00000000c4880000)
 Metaspace       used 21931K, capacity 22344K, committed 22656K, reserved 1069056K
  class space    used 2970K, capacity 3142K, committed 3200K, reserved 1048576K
GC Heap History (8 events):
Event: 2.167 GC heap before
{Heap before GC invocations=1 (full 0):
 PSYoungGen      total 76288K, used 65536K [0x00000000eab00000, 0x00000000f0000000, 0x0000000100000000)
  eden space 65536K, 100% used [0x00000000eab00000,0x00000000eeb00000,0x00000000eeb00000)
  from space 10752K, 0% used [0x00000000ef580000,0x00000000ef580000,0x00000000f0000000)
  to   space 10752K, 0% used [0x00000000eeb00000,0x00000000eeb00000,0x00000000ef580000)
 ParOldGen       total 175104K, used 0K [0x00000000c0000000, 0x00000000cab00000, 0x00000000eab00000)
  object space 175104K, 0% used [0x00000000c0000000,0x00000000c0000000,0x00000000cab00000)
 Metaspace       used 11686K, capacity 12024K, committed 12160K, reserved 1060864K
  class space    used 1548K, capacity 1658K, committed 1664K, reserved 1048576K
Event: 2.178 GC heap after
Heap after GC invocations=1 (full 0):
 PSYoungGen      total 76288K, used 7915K [0x00000000eab00000, 0x00000000f0000000, 0x0000000100000000)
  eden space 65536K, 0% used [0x00000000eab00000,0x00000000eab00000,0x00000000eeb00000)
  from space 10752K, 73% used [0x00000000eeb00000,0x00000000ef2bac00,0x00000000ef580000)
  to   space 10752K, 0% used [0x00000000ef580000,0x00000000ef580000,0x00000000f0000000)
 ParOldGen       total 175104K, used 16K [0x00000000c0000000, 0x00000000cab00000, 0x00000000eab00000)
  object space 175104K, 0% used [0x00000000c0000000,0x00000000c0004000,0x00000000cab00000)
 Metaspace       used 11686K, capacity 12024K, committed 12160K, reserved 1060864K
  class space    used 1548K, capacity 1658K, committed 1664K, reserved 1048576K
}
Event: 13.278 GC heap before
{Heap before GC invocations=2 (full 0):
 PSYoungGen      total 76288K, used 73451K [0x00000000eab00000, 0x00000000f0000000, 0x0000000100000000)
  eden space 65536K, 100% used [0x00000000eab00000,0x00000000eeb00000,0x00000000eeb00000)
  from space 10752K, 73% used [0x00000000eeb00000,0x00000000ef2bac00,0x00000000ef580000)
  to   space 10752K, 0% used [0x00000000ef580000,0x00000000ef580000,0x00000000f0000000)
 ParOldGen       total 175104K, used 16K [0x00000000c0000000, 0x00000000cab00000, 0x00000000eab00000)
  object space 175104K, 0% used [0x00000000c0000000,0x00000000c0004000,0x00000000cab00000)
 Metaspace       used 18867K, capacity 19288K, committed 19456K, reserved 1067008K
  class space    used 2648K, capacity 2811K, committed 2816K, reserved 1048576K
Event: 13.309 GC heap after
Heap after GC invocations=2 (full 0):
 PSYoungGen      total 76288K, used 10736K [0x00000000eab00000, 0x00000000f0000000, 0x0000000100000000)
  eden space 65536K, 0% used [0x00000000eab00000,0x00000000eab00000,0x00000000eeb00000)
  from space 10752K, 99% used [0x00000000ef580000,0x00000000efffc038,0x00000000f0000000)
  to   space 10752K, 0% used [0x00000000eeb00000,0x00000000eeb00000,0x00000000ef580000)
 ParOldGen       total 175104K, used 1348K [0x00000000c0000000, 0x00000000cab00000, 0x00000000eab00000)
  object space 175104K, 0% used [0x00000000c0000000,0x00000000c01513a0,0x00000000cab00000)
 Metaspace       used 18867K, capacity 19288K, committed 19456K, reserved 1067008K
  class space    used 2648K, capacity 2811K, committed 2816K, reserved 1048576K
}
Event: 14.394 GC heap before
{Heap before GC invocations=3 (full 0):
 PSYoungGen      total 76288K, used 17209K [0x00000000eab00000, 0x00000000f0000000, 0x0000000100000000)
  eden space 65536K, 9% used [0x00000000eab00000,0x00000000eb1523d8,0x00000000eeb00000)
  from space 10752K, 99% used [0x00000000ef580000,0x00000000efffc038,0x00000000f0000000)
  to   space 10752K, 0% used [0x00000000eeb00000,0x00000000eeb00000,0x00000000ef580000)
 ParOldGen       total 175104K, used 1348K [0x00000000c0000000, 0x00000000cab00000, 0x00000000eab00000)
  object space 175104K, 0% used [0x00000000c0000000,0x00000000c01513a0,0x00000000cab00000)
 Metaspace       used 20770K, capacity 21144K, committed 21248K, reserved 1067008K
  class space    used 2892K, capacity 3067K, committed 3072K, reserved 1048576K
Event: 14.405 GC heap after
Heap after GC invocations=3 (full 0):
 PSYoungGen      total 76288K, used 7202K [0x00000000eab00000, 0x00000000f0000000, 0x0000000100000000)
  eden space 65536K, 0% used [0x00000000eab00000,0x00000000eab00000,0x00000000eeb00000)
  from space 10752K, 66% used [0x00000000eeb00000,0x00000000ef208ba0,0x00000000ef580000)
  to   space 10752K, 0% used [0x00000000ef580000,0x00000000ef580000,0x00000000f0000000)
 ParOldGen       total 175104K, used 1356K [0x00000000c0000000, 0x00000000cab00000, 0x00000000eab00000)
  object space 175104K, 0% used [0x00000000c0000000,0x00000000c01533a0,0x00000000cab00000)
 Metaspace       used 20770K, capacity 21144K, committed 21248K, reserved 1067008K
  class space    used 2892K, capacity 3067K, committed 3072K, reserved 1048576K
}
Event: 14.405 GC heap before
{Heap before GC invocations=4 (full 1):
 PSYoungGen      total 76288K, used 7202K [0x00000000eab00000, 0x00000000f0000000, 0x0000000100000000)
  eden space 65536K, 0% used [0x00000000eab00000,0x00000000eab00000,0x00000000eeb00000)
  from space 10752K, 66% used [0x00000000eeb00000,0x00000000ef208ba0,0x00000000ef580000)
  to   space 10752K, 0% used [0x00000000ef580000,0x00000000ef580000,0x00000000f0000000)
 ParOldGen       total 175104K, used 1356K [0x00000000c0000000, 0x00000000cab00000, 0x00000000eab00000)
  object space 175104K, 0% used [0x00000000c0000000,0x00000000c01533a0,0x00000000cab00000)
 Metaspace       used 20770K, capacity 21144K, committed 21248K, reserved 1067008K
  class space    used 2892K, capacity 3067K, committed 3072K, reserved 1048576K
Event: 14.459 GC heap after
Heap after GC invocations=4 (full 1):
 PSYoungGen      total 76288K, used 0K [0x00000000eab00000, 0x00000000f0000000, 0x0000000100000000)
  eden space 65536K, 0% used [0x00000000eab00000,0x00000000eab00000,0x00000000eeb00000)
  from space 10752K, 0% used [0x00000000eeb00000,0x00000000eeb00000,0x00000000ef580000)
  to   space 10752K, 0% used [0x00000000ef580000,0x00000000ef580000,0x00000000f0000000)
 ParOldGen       total 74240K, used 7062K [0x00000000c0000000, 0x00000000c4880000, 0x00000000eab00000)
  object space 74240K, 9% used [0x00000000c0000000,0x00000000c06e5bf8,0x00000000c4880000)
 Metaspace       used 20770K, capacity 21144K, committed 21248K, reserved 1067008K
  class space    used 2892K, capacity 3067K, committed 3072K, reserved 1048576K
}

