# JRE version: OpenJDK Runtime Environment (8.0_152-b01) (build 1.8.0_152-release-915-b01)
# Java VM: OpenJDK 64-Bit Server VM (25.152-b01 mixed mode windows-amd64 compressed oops)
Heap:
 PSYoungGen      total 92672K, used 54469K [0x00000000eab00000, 0x00000000f1b80000, 0x0000000100000000)
  eden space 83456K, 54% used [0x00000000eab00000,0x00000000ed731930,0x00000000efc80000)
  from space 9216K, 99% used [0x00000000f0b00000,0x00000000f13ffcb8,0x00000000f1400000)
  to   space 14848K, 0% used [0x00000000efc80000,0x00000000efc80000,0x00000000f0b00000)
 ParOldGen       total 115200K, used 20306K [0x00000000c0000000, 0x00000000c7080000, 0x00000000eab00000)
  object space 115200K, 17% used [0x00000000c0000000,0x00000000c13d4af8,0x00000000c7080000)
 Metaspace       used 50792K, capacity 52426K, committed 52696K, reserved 1095680K
  class space    used 6863K, capacity 7374K, committed 7424K, reserved 1048576K
GC Heap History (10 events):
Event: 46.676 GC heap before
{Heap before GC invocations=8 (full 1):
 PSYoungGen      total 74752K, used 22084K [0x00000000eab00000, 0x00000000f0200000, 0x0000000100000000)
  eden space 63488K, 20% used [0x00000000eab00000,0x00000000eb7ac530,0x00000000ee900000)
  from space 11264K, 80% used [0x00000000ef700000,0x00000000effe4c20,0x00000000f0200000)
  to   space 12800K, 0% used [0x00000000ee900000,0x00000000ee900000,0x00000000ef580000)
 ParOldGen       total 109056K, used 6917K [0x00000000c0000000, 0x00000000c6a80000, 0x00000000eab00000)
  object space 109056K, 6% used [0x00000000c0000000,0x00000000c06c14a8,0x00000000c6a80000)
 Metaspace       used 34415K, capacity 35188K, committed 35416K, reserved 1079296K
  class space    used 4679K, capacity 4972K, committed 4992K, reserved 1048576K
Event: 46.703 GC heap after
Heap after GC invocations=8 (full 1):
 PSYoungGen      total 76288K, used 9801K [0x00000000eab00000, 0x00000000f2000000, 0x0000000100000000)
  eden space 63488K, 0% used [0x00000000eab00000,0x00000000eab00000,0x00000000ee900000)
  from space 12800K, 76% used [0x00000000ee900000,0x00000000ef292640,0x00000000ef580000)
  to   space 12800K, 0% used [0x00000000f1380000,0x00000000f1380000,0x00000000f2000000)
 ParOldGen       total 109056K, used 6989K [0x00000000c0000000, 0x00000000c6a80000, 0x00000000eab00000)
  object space 109056K, 6% used [0x00000000c0000000,0x00000000c06d34b8,0x00000000c6a80000)
 Metaspace       used 34415K, capacity 35188K, committed 35416K, reserved 1079296K
  class space    used 4679K, capacity 4972K, committed 4992K, reserved 1048576K
}
Event: 46.703 GC heap before
{Heap before GC invocations=9 (full 2):
 PSYoungGen      total 76288K, used 9801K [0x00000000eab00000, 0x00000000f2000000, 0x0000000100000000)
  eden space 63488K, 0% used [0x00000000eab00000,0x00000000eab00000,0x00000000ee900000)
  from space 12800K, 76% used [0x00000000ee900000,0x00000000ef292640,0x00000000ef580000)
  to   space 12800K, 0% used [0x00000000f1380000,0x00000000f1380000,0x00000000f2000000)
 ParOldGen       total 109056K, used 6989K [0x00000000c0000000, 0x00000000c6a80000, 0x00000000eab00000)
  object space 109056K, 6% used [0x00000000c0000000,0x00000000c06d34b8,0x00000000c6a80000)
 Metaspace       used 34415K, capacity 35188K, committed 35416K, reserved 1079296K
  class space    used 4679K, capacity 4972K, committed 4992K, reserved 1048576K
Event: 46.794 GC heap after
Heap after GC invocations=9 (full 2):
 PSYoungGen      total 76288K, used 0K [0x00000000eab00000, 0x00000000f2000000, 0x0000000100000000)
  eden space 63488K, 0% used [0x00000000eab00000,0x00000000eab00000,0x00000000ee900000)
  from space 12800K, 0% used [0x00000000ee900000,0x00000000ee900000,0x00000000ef580000)
  to   space 12800K, 0% used [0x00000000f1380000,0x00000000f1380000,0x00000000f2000000)
 ParOldGen       total 115200K, used 16289K [0x00000000c0000000, 0x00000000c7080000, 0x00000000eab00000)
  object space 115200K, 14% used [0x00000000c0000000,0x00000000c0fe8408,0x00000000c7080000)
 Metaspace       used 34415K, capacity 35188K, committed 35416K, reserved 1079296K
  class space    used 4679K, capacity 4972K, committed 4992K, reserved 1048576K
}
Event: 50.712 GC heap before
{Heap before GC invocations=10 (full 2):
 PSYoungGen      total 76288K, used 63488K [0x00000000eab00000, 0x00000000f2000000, 0x0000000100000000)
  eden space 63488K, 100% used [0x00000000eab00000,0x00000000ee900000,0x00000000ee900000)
  from space 12800K, 0% used [0x00000000ee900000,0x00000000ee900000,0x00000000ef580000)
  to   space 12800K, 0% used [0x00000000f1380000,0x00000000f1380000,0x00000000f2000000)
 ParOldGen       total 115200K, used 16289K [0x00000000c0000000, 0x00000000c7080000, 0x00000000eab00000)
  object space 115200K, 14% used [0x00000000c0000000,0x00000000c0fe8408,0x00000000c7080000)
 Metaspace       used 39319K, capacity 40168K, committed 40408K, reserved 1083392K
  class space    used 5277K, capacity 5589K, committed 5632K, reserved 1048576K
Event: 50.720 GC heap after
Heap after GC invocations=10 (full 2):
 PSYoungGen      total 68096K, used 5236K [0x00000000eab00000, 0x00000000f1900000, 0x0000000100000000)
  eden space 62464K, 0% used [0x00000000eab00000,0x00000000eab00000,0x00000000ee800000)
  from space 5632K, 92% used [0x00000000f1380000,0x00000000f189d2c0,0x00000000f1900000)
  to   space 12800K, 0% used [0x00000000f0000000,0x00000000f0000000,0x00000000f0c80000)
 ParOldGen       total 115200K, used 16297K [0x00000000c0000000, 0x00000000c7080000, 0x00000000eab00000)
  object space 115200K, 14% used [0x00000000c0000000,0x00000000c0fea408,0x00000000c7080000)
 Metaspace       used 39319K, capacity 40168K, committed 40408K, reserved 1083392K
  class space    used 5277K, capacity 5589K, committed 5632K, reserved 1048576K
}
Event: 53.245 GC heap before
{Heap before GC invocations=11 (full 2):
 PSYoungGen      total 68096K, used 67700K [0x00000000eab00000, 0x00000000f1900000, 0x0000000100000000)
  eden space 62464K, 100% used [0x00000000eab00000,0x00000000ee800000,0x00000000ee800000)
  from space 5632K, 92% used [0x00000000f1380000,0x00000000f189d2c0,0x00000000f1900000)
  to   space 12800K, 0% used [0x00000000f0000000,0x00000000f0000000,0x00000000f0c80000)
 ParOldGen       total 115200K, used 16297K [0x00000000c0000000, 0x00000000c7080000, 0x00000000eab00000)
  object space 115200K, 14% used [0x00000000c0000000,0x00000000c0fea408,0x00000000c7080000)
 Metaspace       used 42358K, capacity 43416K, committed 43736K, reserved 1087488K
  class space    used 5676K, capacity 6059K, committed 6144K, reserved 1048576K
Event: 53.269 GC heap after
Heap after GC invocations=11 (full 2):
 PSYoungGen      total 72704K, used 10759K [0x00000000eab00000, 0x00000000f1400000, 0x0000000100000000)
  eden space 61440K, 0% used [0x00000000eab00000,0x00000000eab00000,0x00000000ee700000)
  from space 11264K, 95% used [0x00000000f0000000,0x00000000f0a81ff0,0x00000000f0b00000)
  to   space 9216K, 0% used [0x00000000f0b00000,0x00000000f0b00000,0x00000000f1400000)
 ParOldGen       total 115200K, used 16305K [0x00000000c0000000, 0x00000000c7080000, 0x00000000eab00000)
  object space 115200K, 14% used [0x00000000c0000000,0x00000000c0fec408,0x00000000c7080000)
 Metaspace       used 42358K, capacity 43416K, committed 43736K, reserved 1087488K
  class space    used 5676K, capacity 6059K, committed 6144K, reserved 1048576K
}
Event: 59.319 GC heap before
{Heap before GC invocations=12 (full 2):
 PSYoungGen      total 72704K, used 72199K [0x00000000eab00000, 0x00000000f1400000, 0x0000000100000000)
  eden space 61440K, 100% used [0x00000000eab00000,0x00000000ee700000,0x00000000ee700000)
  from space 11264K, 95% used [0x00000000f0000000,0x00000000f0a81ff0,0x00000000f0b00000)
  to   space 9216K, 0% used [0x00000000f0b00000,0x00000000f0b00000,0x00000000f1400000)
 ParOldGen       total 115200K, used 16305K [0x00000000c0000000, 0x00000000c7080000, 0x00000000eab00000)
  object space 115200K, 14% used [0x00000000c0000000,0x00000000c0fec408,0x00000000c7080000)
 Metaspace       used 47430K, capacity 48640K, committed 48728K, reserved 1091584K
  class space    used 6356K, capacity 6763K, committed 6784K, reserved 1048576K
Event: 59.409 GC heap after
Heap after GC invocations=12 (full 2):
 PSYoungGen      total 92672K, used 9215K [0x00000000eab00000, 0x00000000f1b80000, 0x0000000100000000)
  eden space 83456K, 0% used [0x00000000eab00000,0x00000000eab00000,0x00000000efc80000)
  from space 9216K, 99% used [0x00000000f0b00000,0x00000000f13ffcb8,0x00000000f1400000)
  to   space 14848K, 0% used [0x00000000efc80000,0x00000000efc80000,0x00000000f0b00000)
 ParOldGen       total 115200K, used 20306K [0x00000000c0000000, 0x00000000c7080000, 0x00000000eab00000)
  object space 115200K, 17% used [0x00000000c0000000,0x00000000c13d4af8,0x00000000c7080000)
 Metaspace       used 47430K, capacity 48640K, committed 48728K, reserved 1091584K
  class space    used 6356K, capacity 6763K, committed 6784K, reserved 1048576K
}

